<?xml version="1.0" encoding="UTF-8"?>
<!-- Generated by org.testng.reporters.JUnitReportReporter -->
<testsuite skipped="0" hostname="LAPTOP-KJQ3GEV3" name="name2.producttestpage" tests="1" failures="0" timestamp="07 Jan 2020 14:49:18 GMT" time="3.878" errors="0">
  <testcase name="verifypagecount" time="3.878" classname="name2.producttestpage"/>
</testsuite> <!-- name2.producttestpage -->
