<?xml version="1.0" encoding="UTF-8"?>
<!-- Generated by org.testng.reporters.JUnitReportReporter -->
<testsuite skipped="0" hostname="LAPTOP-KJQ3GEV3" name="name2.womentest" tests="1" failures="0" timestamp="30 Dec 2019 19:01:15 GMT" time="4.330" errors="0">
  <testcase name="checksmall" time="4.330" classname="name2.womentest"/>
</testsuite> <!-- name2.womentest -->
